Performing C SOURCE FILE Test CMAKE_HAVE_LIBC_PTHREAD failed with the following output:
Change Dir: C:/Users/29185/Desktop/外包/dead_code/out/build/x64-Debug/CMakeFiles/CMakeTmp

Run Build Command(s):D:/Microsoft Visual Studio/2022/Community/Common7/IDE/CommonExtensions/Microsoft/CMake/Ninja/ninja.exe cmTC_12263 && [1/2] Building C object CMakeFiles\cmTC_12263.dir\src.c.obj
FAILED: CMakeFiles/cmTC_12263.dir/src.c.obj 
D:\MICROS~1\2022\COMMUN~1\VC\Tools\MSVC\1434~1.319\bin\Hostx64\x64\cl.exe  /nologo -DCMAKE_HAVE_LIBC_PTHREAD  /DWIN32 /D_WINDOWS /W3  /MDd /Zi /Ob0 /Od /RTC1 /showIncludes /FoCMakeFiles\cmTC_12263.dir\src.c.obj /FdCMakeFiles\cmTC_12263.dir\ /FS -c C:\Users\29185\Desktop\外包\dead_code\out\build\x64-Debug\CMakeFiles\CMakeTmp\src.c
C:\Users\29185\Desktop\外包\dead_code\out\build\x64-Debug\CMakeFiles\CMakeTmp\src.c(1): fatal error C1083: 无法打开包括文件: “pthread.h”: No such file or directory
ninja: build stopped: subcommand failed.


Source file was:
#include <pthread.h>

static void* test_func(void* data)
{
  return data;
}

int main(void)
{
  pthread_t thread;
  pthread_create(&thread, NULL, test_func, NULL);
  pthread_detach(thread);
  pthread_cancel(thread);
  pthread_join(thread, NULL);
  pthread_atfork(NULL, NULL, NULL);
  pthread_exit(NULL);

  return 0;
}

Determining if the function pthread_create exists in the pthreads failed with the following output:
Change Dir: C:/Users/29185/Desktop/外包/dead_code/out/build/x64-Debug/CMakeFiles/CMakeTmp

Run Build Command(s):D:/Microsoft Visual Studio/2022/Community/Common7/IDE/CommonExtensions/Microsoft/CMake/Ninja/ninja.exe cmTC_a2a4b && [1/2] Building C object CMakeFiles\cmTC_a2a4b.dir\CheckFunctionExists.c.obj
[2/2] Linking C executable cmTC_a2a4b.exe
FAILED: cmTC_a2a4b.exe 
cmd.exe /C "cd . && "D:\Microsoft Visual Studio\2022\Community\Common7\IDE\CommonExtensions\Microsoft\CMake\CMake\bin\cmake.exe" -E vs_link_exe --intdir=CMakeFiles\cmTC_a2a4b.dir --rc=D:\WINDOW~1\10\bin\100220~1.0\x64\rc.exe --mt=D:\WINDOW~1\10\bin\100220~1.0\x64\mt.exe --manifests  -- D:\MICROS~1\2022\COMMUN~1\VC\Tools\MSVC\1434~1.319\bin\Hostx64\x64\link.exe /nologo CMakeFiles\cmTC_a2a4b.dir\CheckFunctionExists.c.obj  /out:cmTC_a2a4b.exe /implib:cmTC_a2a4b.lib /pdb:cmTC_a2a4b.pdb /version:0.0 /machine:x64  /debug /INCREMENTAL /subsystem:console  pthreads.lib  kernel32.lib user32.lib gdi32.lib winspool.lib shell32.lib ole32.lib oleaut32.lib uuid.lib comdlg32.lib advapi32.lib && cd ."
LINK Pass 1: command "D:\MICROS~1\2022\COMMUN~1\VC\Tools\MSVC\1434~1.319\bin\Hostx64\x64\link.exe /nologo CMakeFiles\cmTC_a2a4b.dir\CheckFunctionExists.c.obj /out:cmTC_a2a4b.exe /implib:cmTC_a2a4b.lib /pdb:cmTC_a2a4b.pdb /version:0.0 /machine:x64 /debug /INCREMENTAL /subsystem:console pthreads.lib kernel32.lib user32.lib gdi32.lib winspool.lib shell32.lib ole32.lib oleaut32.lib uuid.lib comdlg32.lib advapi32.lib /MANIFEST /MANIFESTFILE:CMakeFiles\cmTC_a2a4b.dir/intermediate.manifest CMakeFiles\cmTC_a2a4b.dir/manifest.res" failed (exit code 1104) with the following output:
LINK : fatal error LNK1104: 无法打开文件“pthreads.lib”
ninja: build stopped: subcommand failed.



Determining if the function pthread_create exists in the pthread failed with the following output:
Change Dir: C:/Users/29185/Desktop/外包/dead_code/out/build/x64-Debug/CMakeFiles/CMakeTmp

Run Build Command(s):D:/Microsoft Visual Studio/2022/Community/Common7/IDE/CommonExtensions/Microsoft/CMake/Ninja/ninja.exe cmTC_c05f5 && [1/2] Building C object CMakeFiles\cmTC_c05f5.dir\CheckFunctionExists.c.obj
[2/2] Linking C executable cmTC_c05f5.exe
FAILED: cmTC_c05f5.exe 
cmd.exe /C "cd . && "D:\Microsoft Visual Studio\2022\Community\Common7\IDE\CommonExtensions\Microsoft\CMake\CMake\bin\cmake.exe" -E vs_link_exe --intdir=CMakeFiles\cmTC_c05f5.dir --rc=D:\WINDOW~1\10\bin\100220~1.0\x64\rc.exe --mt=D:\WINDOW~1\10\bin\100220~1.0\x64\mt.exe --manifests  -- D:\MICROS~1\2022\COMMUN~1\VC\Tools\MSVC\1434~1.319\bin\Hostx64\x64\link.exe /nologo CMakeFiles\cmTC_c05f5.dir\CheckFunctionExists.c.obj  /out:cmTC_c05f5.exe /implib:cmTC_c05f5.lib /pdb:cmTC_c05f5.pdb /version:0.0 /machine:x64  /debug /INCREMENTAL /subsystem:console  pthread.lib  kernel32.lib user32.lib gdi32.lib winspool.lib shell32.lib ole32.lib oleaut32.lib uuid.lib comdlg32.lib advapi32.lib && cd ."
LINK Pass 1: command "D:\MICROS~1\2022\COMMUN~1\VC\Tools\MSVC\1434~1.319\bin\Hostx64\x64\link.exe /nologo CMakeFiles\cmTC_c05f5.dir\CheckFunctionExists.c.obj /out:cmTC_c05f5.exe /implib:cmTC_c05f5.lib /pdb:cmTC_c05f5.pdb /version:0.0 /machine:x64 /debug /INCREMENTAL /subsystem:console pthread.lib kernel32.lib user32.lib gdi32.lib winspool.lib shell32.lib ole32.lib oleaut32.lib uuid.lib comdlg32.lib advapi32.lib /MANIFEST /MANIFESTFILE:CMakeFiles\cmTC_c05f5.dir/intermediate.manifest CMakeFiles\cmTC_c05f5.dir/manifest.res" failed (exit code 1104) with the following output:
LINK : fatal error LNK1104: 无法打开文件“pthread.lib”
ninja: build stopped: subcommand failed.



